This is pdfTeX, Version 3.141592653-2.6-1.40.22 (MiKTeX 21.3) (preloaded format=pdflatex 2021.6.21)  27 SEP 2021 09:30
entering extended mode
**./knustthesis.tex
(knustthesis.tex
LaTeX2e <2020-10-01> patch level 4
L3 programming layer <2021-02-18> (C:\MIKTEX\tex/latex/base\book.cls
Document Class: book 2020/04/10 v1.4m Standard LaTeX document class
(C:\MIKTEX\tex/latex/base\bk10.clo
File: bk10.clo 2020/04/10 v1.4m Standard LaTeX file (size option)
)
\c@part=\count179
\c@chapter=\count180
\c@section=\count181
\c@subsection=\count182
\c@subsubsection=\count183
\c@paragraph=\count184
\c@subparagraph=\count185
\c@figure=\count186
\c@table=\count187
\abovecaptionskip=\skip47
\belowcaptionskip=\skip48
\bibindent=\dimen138
) (knustthesis.sty
(C:\MIKTEX\tex/latex/graphics\graphicx.sty
Package: graphicx 2020/09/09 v1.2b Enhanced LaTeX Graphics (DPC,SPQR)

(C:\MIKTEX\tex/latex/graphics\keyval.sty
Package: keyval 2014/10/28 v1.15 key=value parser (DPC)
\KV@toks@=\toks15
)
(C:\MIKTEX\tex/latex/graphics\graphics.sty
Package: graphics 2020/08/30 v1.4c Standard LaTeX Graphics (DPC,SPQR)

(C:\MIKTEX\tex/latex/graphics\trig.sty
Package: trig 2016/01/03 v1.10 sin cos tan (DPC)
)
(C:\MIKTEX\tex/latex/graphics-cfg\graphics.cfg
File: graphics.cfg 2016/06/04 v1.11 sample graphics configuration
)
Package graphics Info: Driver file: pdftex.def on input line 105.

(C:\MIKTEX\tex/latex/graphics-def\pdftex.def
File: pdftex.def 2020/10/05 v1.2a Graphics/color driver for pdftex
))
\Gin@req@height=\dimen139
\Gin@req@width=\dimen140
)
(C:\MIKTEX\tex/latex/base\inputenc.sty
Package: inputenc 2020/08/01 v1.3d Input encoding file
\inpenc@prehook=\toks16
\inpenc@posthook=\toks17
 (C:\MIKTEX\tex/latex/base\latin1.def
File: latin1.def 2020/08/01 v1.3d Input encoding file
))
(C:\MIKTEX\tex/latex/amsmath\amsmath.sty
Package: amsmath 2020/09/23 v2.17i AMS math features
\@mathmargin=\skip49

For additional information on amsmath, use the `?' option.
(C:\MIKTEX\tex/latex/amsmath\amstext.sty
Package: amstext 2000/06/29 v2.01 AMS text

(C:\MIKTEX\tex/latex/amsmath\amsgen.sty
File: amsgen.sty 1999/11/30 v2.0 generic functions
\@emptytoks=\toks18
\ex@=\dimen141
))
(C:\MIKTEX\tex/latex/amsmath\amsbsy.sty
Package: amsbsy 1999/11/29 v1.2d Bold Symbols
\pmbraise@=\dimen142
)
(C:\MIKTEX\tex/latex/amsmath\amsopn.sty
Package: amsopn 2016/03/08 v2.02 operator names
)
\inf@bad=\count188
LaTeX Info: Redefining \frac on input line 234.
\uproot@=\count189
\leftroot@=\count190
LaTeX Info: Redefining \overline on input line 399.
\classnum@=\count191
\DOTSCASE@=\count192
LaTeX Info: Redefining \ldots on input line 496.
LaTeX Info: Redefining \dots on input line 499.
LaTeX Info: Redefining \cdots on input line 620.
\Mathstrutbox@=\box47
\strutbox@=\box48
\big@size=\dimen143
LaTeX Font Info:    Redeclaring font encoding OML on input line 743.
LaTeX Font Info:    Redeclaring font encoding OMS on input line 744.
\macc@depth=\count193
\c@MaxMatrixCols=\count194
\dotsspace@=\muskip16
\c@parentequation=\count195
\dspbrk@lvl=\count196
\tag@help=\toks19
\row@=\count197
\column@=\count198
\maxfields@=\count199
\andhelp@=\toks20
\eqnshift@=\dimen144
\alignsep@=\dimen145
\tagshift@=\dimen146
\tagwidth@=\dimen147
\totwidth@=\dimen148
\lineht@=\dimen149
\@envbody=\toks21
\multlinegap=\skip50
\multlinetaggap=\skip51
\mathdisplay@stack=\toks22
LaTeX Info: Redefining \[ on input line 2923.
LaTeX Info: Redefining \] on input line 2924.
)
(C:\MIKTEX\tex/latex/amsfonts\amsfonts.sty
Package: amsfonts 2013/01/14 v3.01 Basic AMSFonts support
\symAMSa=\mathgroup4
\symAMSb=\mathgroup5
LaTeX Font Info:    Redeclaring math symbol \hbar on input line 98.
LaTeX Font Info:    Overwriting math alphabet `\mathfrak' in version `bold'
(Font)                  U/euf/m/n --> U/euf/b/n on input line 106.
)
(C:\MIKTEX\tex/latex/amsfonts\amssymb.sty
Package: amssymb 2013/01/14 v3.01 AMS font symbols
)
(C:\MIKTEX\tex/latex/geometry\geometry.sty
Package: geometry 2020/01/02 v5.9 Page Geometry

(C:\MIKTEX\tex/generic/iftex\ifvtex.sty
Package: ifvtex 2019/10/25 v1.7 ifvtex legacy package. Use iftex instead.
 (C:\MIKTEX\tex/generic/iftex\iftex.sty
Package: iftex 2020/03/06 v1.0d TeX engine tests
))
\Gm@cnth=\count266
\Gm@cntv=\count267
\c@Gm@tempcnt=\count268
\Gm@bindingoffset=\dimen150
\Gm@wd@mp=\dimen151
\Gm@odd@mp=\dimen152
\Gm@even@mp=\dimen153
\Gm@layoutwidth=\dimen154
\Gm@layoutheight=\dimen155
\Gm@layouthoffset=\dimen156
\Gm@layoutvoffset=\dimen157
\Gm@dimlist=\toks23
 (C:\MIKTEX\tex/latex/geometry\geometry.cfg))
\c@definition=\count269
\c@example=\count270
\c@theorem=\count271

(C:\MIKTEX\tex/latex/latex-tools\enumerate.sty
Package: enumerate 2015/07/23 v3.00 enumerate extensions (DPC)
\@enLab=\toks24
)
(C:\MIKTEX\tex/latex/latex-tools\tabularx.sty
Package: tabularx 2020/01/15 v2.11c `tabularx' package (DPC)

(C:\MIKTEX\tex/latex/latex-tools\array.sty
Package: array 2020/10/01 v2.5c Tabular extension package (FMi)
\col@sep=\dimen158
\ar@mcellbox=\box49
\extrarowheight=\dimen159
\NC@list=\toks25
\extratabsurround=\skip52
\backup@length=\skip53
\ar@cellbox=\box50
)
\TX@col@width=\dimen160
\TX@old@table=\dimen161
\TX@old@col=\dimen162
\TX@target=\dimen163
\TX@delta=\dimen164
\TX@cols=\count272
\TX@ftn=\toks26
)
(C:\MIKTEX\tex/latex/placeins\placeins.sty
Package: placeins 2005/04/18  v 2.2
)
(C:\MIKTEX\tex/latex/tocloft\tocloft.sty
Package: tocloft 2017/08/31 v2.3i parameterised ToC, etc., typesetting
Package tocloft Info: The document has chapter divisions on input line 51.
\cftparskip=\skip54
\cftbeforetoctitleskip=\skip55
\cftaftertoctitleskip=\skip56
\cftbeforepartskip=\skip57
\cftpartnumwidth=\skip58
\cftpartindent=\skip59
\cftbeforechapskip=\skip60
\cftchapindent=\skip61
\cftchapnumwidth=\skip62
\cftbeforesecskip=\skip63
\cftsecindent=\skip64
\cftsecnumwidth=\skip65
\cftbeforesubsecskip=\skip66
\cftsubsecindent=\skip67
\cftsubsecnumwidth=\skip68
\cftbeforesubsubsecskip=\skip69
\cftsubsubsecindent=\skip70
\cftsubsubsecnumwidth=\skip71
\cftbeforeparaskip=\skip72
\cftparaindent=\skip73
\cftparanumwidth=\skip74
\cftbeforesubparaskip=\skip75
\cftsubparaindent=\skip76
\cftsubparanumwidth=\skip77
\cftbeforeloftitleskip=\skip78
\cftafterloftitleskip=\skip79
\cftbeforefigskip=\skip80
\cftfigindent=\skip81
\cftfignumwidth=\skip82
\c@lofdepth=\count273
\c@lotdepth=\count274
\cftbeforelottitleskip=\skip83
\cftafterlottitleskip=\skip84
\cftbeforetabskip=\skip85
\cfttabindent=\skip86
\cfttabnumwidth=\skip87
)
(C:\MIKTEX\tex/latex/setspace\setspace.sty
Package: setspace 2011/12/19 v6.7a set line spacing
)
(C:\MIKTEX\tex/latex/base\latexsym.sty
Package: latexsym 1998/08/17 v2.2e Standard LaTeX package (lasy symbols)
\symlasy=\mathgroup6
LaTeX Font Info:    Overwriting symbol font `lasy' in version `bold'
(Font)                  U/lasy/m/n --> U/lasy/b/n on input line 52.
) (C:\MIKTEX\tex/latex/natbib\natbib.sty
Package: natbib 2010/09/13 8.31b (PWD, AO)
\bibhang=\skip88
\bibsep=\skip89
LaTeX Info: Redefining \cite on input line 694.
\c@NAT@ctr=\count275
) (C:\MIKTEX\tex/latex/titlesec\titlesec.sty
Package: titlesec 2019/10/16 v2.13 Sectioning titles
\ttl@box=\box51
\beforetitleunit=\skip90
\aftertitleunit=\skip91
\ttl@plus=\dimen165
\ttl@minus=\dimen166
\ttl@toksa=\toks27
\titlewidth=\dimen167
\titlewidthlast=\dimen168
\titlewidthfirst=\dimen169
))
(C:\MIKTEX\tex/latex/float\float.sty
Package: float 2001/11/08 v1.3d Float enhancements (AL)
\c@float@type=\count276
\float@exts=\toks28
\float@box=\box52
\@float@everytoks=\toks29
\@floatcapt=\box53
)
(C:\MIKTEX\tex/latex/l3backend\l3backend-pdftex.def
File: l3backend-pdftex.def 2021-03-18 L3 backend support: PDF output (pdfTeX)
\l__color_backend_stack_int=\count277
\l__pdf_internal_box=\box54
)

LaTeX Warning: Unused global option(s):
    [16pt].

(knustthesis.aux (titlepage.aux) (declaration.aux) (dedication.aux)
(acknowledgement.aux) (abstract.aux) (chapter1.aux) (chapter2.aux)
(chapter3.aux) (chapter4.aux) (chapter5.aux) (danny1.aux))
\openout1 = `knustthesis.aux'.

LaTeX Font Info:    Checking defaults for OML/cmm/m/it on input line 17.
LaTeX Font Info:    ... okay on input line 17.
LaTeX Font Info:    Checking defaults for OMS/cmsy/m/n on input line 17.
LaTeX Font Info:    ... okay on input line 17.
LaTeX Font Info:    Checking defaults for OT1/cmr/m/n on input line 17.
LaTeX Font Info:    ... okay on input line 17.
LaTeX Font Info:    Checking defaults for T1/cmr/m/n on input line 17.
LaTeX Font Info:    ... okay on input line 17.
LaTeX Font Info:    Checking defaults for TS1/cmr/m/n on input line 17.
LaTeX Font Info:    ... okay on input line 17.
LaTeX Font Info:    Checking defaults for OMX/cmex/m/n on input line 17.
LaTeX Font Info:    ... okay on input line 17.
LaTeX Font Info:    Checking defaults for U/cmr/m/n on input line 17.
LaTeX Font Info:    ... okay on input line 17.

(C:\MIKTEX\tex/context/base/mkii\supp-pdf.mkii
[Loading MPS to PDF converter (version 2006.09.02).]
\scratchcounter=\count278
\scratchdimen=\dimen170
\scratchbox=\box55
\nofMPsegments=\count279
\nofMParguments=\count280
\everyMPshowfont=\toks30
\MPscratchCnt=\count281
\MPscratchDim=\dimen171
\MPnumerator=\count282
\makeMPintoPDFobject=\count283
\everyMPtoPDFconversion=\toks31
) (C:\MIKTEX\tex/latex/epstopdf-pkg\epstopdf-base.sty
Package: epstopdf-base 2020-01-24 v2.11 Base part for package epstopdf
Package epstopdf-base Info: Redefining graphics rule for `.eps' on input line 4
85.

(C:\MIKTEX\tex/latex/00miktex\epstopdf-sys.cfg
File: epstopdf-sys.cfg 2021/03/18 v2.0 Configuration of epstopdf for MiKTeX
))
*geometry* driver: auto-detecting
*geometry* detected driver: pdftex
*geometry* verbose mode - [ preamble ] result:
* driver: pdftex
* paper: a4paper
* layout: <same size as paper>
* layoutoffset:(h,v)=(0.0pt,0.0pt)
* modes: 
* h-part:(L,W,R)=(113.81102pt, 412.56497pt, 71.13188pt)
* v-part:(T,H,B)=(71.13188pt, 702.78308pt, 71.13188pt)
* \paperwidth=597.50787pt
* \paperheight=845.04684pt
* \textwidth=412.56497pt
* \textheight=702.78308pt
* \oddsidemargin=41.54103pt
* \evensidemargin=41.54103pt
* \topmargin=-31.2056pt
* \headheight=12.0pt
* \headsep=18.06749pt
* \topskip=10.0pt
* \footskip=25.29494pt
* \marginparwidth=61.0pt
* \marginparsep=7.0pt
* \columnsep=10.0pt
* \skip\footins=9.0pt plus 4.0pt minus 2.0pt
* \hoffset=0.0pt
* \voffset=0.0pt
* \mag=1000
* \@twocolumnfalse
* \@twosidefalse
* \@mparswitchfalse
* \@reversemarginfalse
* (1in=72.27pt=25.4mm, 1cm=28.453pt)

\openout2 = `titlepage.aux'.

(titlepage.tex
<logo.jpg, id=1, 184.69pt x 275.0275pt>
File: logo.jpg Graphic file (type jpg)
<use logo.jpg>
Package pdftex.def Info: logo.jpg  used on input line 7.
(pdftex.def)             Requested size: 92.34476pt x 137.51341pt.
 [1



{C:/Users/hp/AppData/Local/MiKTeX/pdftex/config/pdftex.map} <./logo.jpg>])
\openout2 = `declaration.aux'.

 (declaration.tex
Underfull \hbox (badness 10000) in paragraph at lines 2--3

 []

LaTeX Font Info:    Trying to load font information for U+msa on input line 5.
(C:\MIKTEX\tex/latex/amsfonts\umsa.fd
File: umsa.fd 2013/01/14 v3.01 AMS symbols A
)
LaTeX Font Info:    Trying to load font information for U+msb on input line 5.
 (C:\MIKTEX\tex/latex/amsfonts\umsb.fd
File: umsb.fd 2013/01/14 v3.01 AMS symbols B
)
LaTeX Font Info:    Trying to load font information for U+lasy on input line 5.


(C:\MIKTEX\tex/latex/base\ulasy.fd
File: ulasy.fd 1998/08/17 v2.2e LaTeX symbol font definitions
)
Overfull \hbox (36.26872pt too wide) in paragraph at lines 5--27
 [] 
 []

) [1





]
\openout2 = `dedication.aux'.

 (dedication.tex) [2




]
\openout2 = `acknowledgement.aux'.

 (acknowledgement.tex) [3




]
\openout2 = `abstract.aux'.

 (abstract.tex) [4




]
(knustthesis.toc [5


])
\tf@toc=\write3
\openout3 = `knustthesis.toc'.

 [6]
\openout2 = `chapter1.aux'.

 (chapter1.tex
Chapter 1.

Underfull \hbox (badness 10000) in paragraph at lines 5--16

 []


Underfull \hbox (badness 10000) in paragraph at lines 5--16

 []


Underfull \hbox (badness 10000) in paragraph at lines 5--16

 []


Underfull \hbox (badness 10000) in paragraph at lines 5--16

 []


Underfull \hbox (badness 10000) in paragraph at lines 5--16

 []


Underfull \hbox (badness 10000) in paragraph at lines 5--16

 []

[1



]
Underfull \hbox (badness 10000) in paragraph at lines 18--19

 []


Underfull \hbox (badness 10000) in paragraph at lines 18--19

 []

[2]
Underfull \hbox (badness 10000) in paragraph at lines 24--25

 []


Underfull \hbox (badness 10000) in paragraph at lines 24--25

 []


Underfull \hbox (badness 10000) in paragraph at lines 31--33

 []

[3]) [4]
\openout2 = `chapter2.aux'.

 (chapter2.tex
Chapter 2.
)
Underfull \hbox (badness 10000) in paragraph at lines 2--45

 []


Underfull \hbox (badness 10000) in paragraph at lines 2--45

 []


Underfull \hbox (badness 10000) in paragraph at lines 2--45

 []


Underfull \hbox (badness 10000) in paragraph at lines 2--45

 []


Underfull \hbox (badness 10000) in paragraph at lines 2--45

 []


Underfull \hbox (badness 10000) in paragraph at lines 2--45

 []


Underfull \hbox (badness 10000) in paragraph at lines 2--45

 []


Underfull \hbox (badness 10000) in paragraph at lines 2--45

 []


Underfull \hbox (badness 10000) in paragraph at lines 2--45

 []


Underfull \hbox (badness 10000) in paragraph at lines 2--45

 []


Underfull \hbox (badness 10000) in paragraph at lines 2--45

 []


Underfull \hbox (badness 10000) in paragraph at lines 2--45

 []


Underfull \hbox (badness 10000) in paragraph at lines 2--45

 []


Underfull \hbox (badness 10000) in paragraph at lines 2--45

 []


Underfull \hbox (badness 10000) in paragraph at lines 2--45

 []

[5




] [6] [7] [8]
\openout2 = `chapter3.aux'.

 (chapter3.tex
\c@defn=\count284
\c@exmp=\count285

Chapter 3.

Underfull \hbox (badness 10000) in paragraph at lines 4--6

 []


Underfull \hbox (badness 10000) in paragraph at lines 21--33

 []


Underfull \hbox (badness 10000) in paragraph at lines 21--33

 []

[9




]
<project.jpg.png, id=62, 422.32782pt x 418.56375pt>
File: project.jpg.png Graphic file (type png)
<use project.jpg.png>
Package pdftex.def Info: project.jpg.png  used on input line 44.
(pdftex.def)             Requested size: 211.16339pt x 209.28136pt.

Underfull \hbox (badness 10000) in paragraph at lines 50--52

 []


Underfull \hbox (badness 10000) in paragraph at lines 50--52

 []

[10 <./project.jpg.png>]
<diagram 1.png, id=68, 642.90187pt x 405.76593pt>
File: diagram 1.png Graphic file (type png)
<use diagram 1.png>
Package pdftex.def Info: diagram 1.png  used on input line 56.
(pdftex.def)             Requested size: 288.79422pt x 182.2772pt.
<Diagram 2.png, id=69, 755.82375pt x 524.71031pt>
File: Diagram 2.png Graphic file (type png)
<use Diagram 2.png>
Package pdftex.def Info: Diagram 2.png  used on input line 79.
(pdftex.def)             Requested size: 288.79422pt x 200.48886pt.
<Diagram 3.png, id=70, 733.99219pt x 471.26062pt>
File: Diagram 3.png Graphic file (type png)
<use Diagram 3.png>
Package pdftex.def Info: Diagram 3.png  used on input line 99.
(pdftex.def)             Requested size: 288.79422pt x 185.42322pt.

Underfull \hbox (badness 10000) in paragraph at lines 53--112

 []


Underfull \hbox (badness 10000) in paragraph at lines 53--112

 []

[11 <./diagram 1.png>]

LaTeX Warning: `h' float specifier changed to `ht'.

[12 <./Diagram 2.png>] [13 <./Diagram 3.png>]
Underfull \hbox (badness 10000) in paragraph at lines 121--122

 []

<nkLWe.png, id=86, 301.125pt x 360.34625pt>
File: nkLWe.png Graphic file (type png)
<use nkLWe.png>
Package pdftex.def Info: nkLWe.png  used on input line 133.
(pdftex.def)             Requested size: 288.79422pt x 345.62056pt.

Underfull \hbox (badness 10000) in paragraph at lines 137--158

 []

[14 <./nkLWe.png>]
Underfull \hbox (badness 10000) in paragraph at lines 159--163

 []

<identity.image.jpg, id=91, 204.765pt x 216.05719pt>
File: identity.image.jpg Graphic file (type jpg)
<use identity.image.jpg>
Package pdftex.def Info: identity.image.jpg  used on input line 171.
(pdftex.def)             Requested size: 204.76448pt x 216.05664pt.

LaTeX Warning: `h' float specifier changed to `ht'.

<Screenshot (91).png, id=92, 223.58531pt x 164.86594pt>
File: Screenshot (91).png Graphic file (type png)
<use Screenshot (91).png>
Package pdftex.def Info: Screenshot (91).png  used on input line 178.
(pdftex.def)             Requested size: 223.58475pt x 164.86551pt.

Underfull \hbox (badness 10000) in paragraph at lines 176--187

 []


Underfull \hbox (badness 10000) in paragraph at lines 176--187

 []

[15]
Underfull \hbox (badness 10000) in paragraph at lines 188--190

 []


Underfull \hbox (badness 10000) in paragraph at lines 188--190

 []

[16 <./identity.image.jpg> <./Screenshot (91).png>]
<associative image.png, id=101, 244.915pt x 207.77625pt>
File: associative image.png Graphic file (type png)
<use associative image.png>
Package pdftex.def Info: associative image.png  used on input line 204.
(pdftex.def)             Requested size: 288.79422pt x 245.00897pt.
 [17]
<Screenshot (93).png, id=105, 386.19281pt x 417.05812pt>
File: Screenshot (93).png Graphic file (type png)
<use Screenshot (93).png>
Package pdftex.def Info: Screenshot (93).png  used on input line 213.
(pdftex.def)             Requested size: 288.79422pt x 311.87643pt.
 [18 <./associative image.png>]
Underfull \hbox (badness 10000) in paragraph at lines 218--219

 []


Underfull \hbox (badness 10000) in paragraph at lines 222--224

 []


Underfull \hbox (badness 10000) in paragraph at lines 222--224

 []

[19 <./Screenshot (93).png>]
Underfull \hbox (badness 10000) in paragraph at lines 241--243

 []

[20] [21] [22]) [23]
\openout2 = `chapter4.aux'.

 (chapter4.tex
Chapter 4.

Underfull \hbox (badness 10000) in paragraph at lines 2--3

 []

[24




] [25]
Overfull \hbox (56.56021pt too wide) in paragraph at lines 35--37
 \OT1/cmr/m/it/10 At-tack 1: \OT1/cmr/m/n/10 Given $[]$ in-for-ma-tion com-pile
d with the cor-re-spond-ing sig-na-tures $[]$
 []

[26] [27] [28] [29]
<pollard.png, id=148, 173.14688pt x 129.48375pt>
File: pollard.png Graphic file (type png)
<use pollard.png>
Package pdftex.def Info: pollard.png  used on input line 118.
(pdftex.def)             Requested size: 86.57323pt x 64.7417pt.
 [30 <./pollard.png>] [31] [32]
Overfull \hbox (210.37752pt too wide) detected at line 180
\OML/cmm/m/it/10 G \OT1/cmr/m/n/10 = 04\OML/cmm/m/it/10 DB\OT1/cmr/m/n/10 4\OML
/cmm/m/it/10 FF\OT1/cmr/m/n/10 10\OML/cmm/m/it/10 EC\OT1/cmr/m/n/10 057\OML/cmm
/m/it/10 E\OT1/cmr/m/n/10 9\OML/cmm/m/it/10 AE\OT1/cmr/m/n/10 26\OML/cmm/m/it/1
0 B\OT1/cmr/m/n/10 07\OML/cmm/m/it/10 D\OT1/cmr/m/n/10 0280\OML/cmm/m/it/10 B\O
T1/cmr/m/n/10 7\OML/cmm/m/it/10 F\OT1/cmr/m/n/10 4341\OML/cmm/m/it/10 DA\OT1/cm
r/m/n/10 5\OML/cmm/m/it/10 D\OT1/cmr/m/n/10 1\OML/cmm/m/it/10 B\OT1/cmr/m/n/10 
1\OML/cmm/m/it/10 EAE\OT1/cmr/m/n/10 06\OML/cmm/m/it/10 C\OT1/cmr/m/n/10 7\OML/
cmm/m/it/10 D\OT1/cmr/m/n/10 9\OML/cmm/m/it/10 B\OT1/cmr/m/n/10 2\OML/cmm/m/it/
10 F\OT1/cmr/m/n/10 2\OML/cmm/m/it/10 F\OT1/cmr/m/n/10 6\OML/cmm/m/it/10 D\OT1/
cmr/m/n/10 9\OML/cmm/m/it/10 C\OT1/cmr/m/n/10 5628\OML/cmm/m/it/10 A\OT1/cmr/m/
n/10 7844163\OML/cmm/m/it/10 D\OT1/cmr/m/n/10 015\OML/cmm/m/it/10 BE\OT1/cmr/m/
n/10 86344082\OML/cmm/m/it/10 AA\OT1/cmr/m/n/10 88\OML/cmm/m/it/10 D\OT1/cmr/m/
n/10 95\OML/cmm/m/it/10 E\OT1/cmr/m/n/10 2\OML/cmm/m/it/10 F\OT1/cmr/m/n/10 9\O
ML/cmm/m/it/10 D
 []

<private key script.png, id=160, 998.22937pt x 807.015pt>
File: private key script.png Graphic file (type png)
<use private key script.png>
Package pdftex.def Info: private key script.png  used on input line 193.
(pdftex.def)             Requested size: 618.84746pt x 500.3195pt.

Overfull \hbox (206.28249pt too wide) in paragraph at lines 193--194
 [][] 
 []


LaTeX Warning: `h' float specifier changed to `ht'.

<private key result.png, id=161, 438.13687pt x 800.9925pt>
File: private key result.png Graphic file (type png)
<use private key result.png>
Package pdftex.def Info: private key result.png  used on input line 202.
(pdftex.def)             Requested size: 371.30595pt x 678.83018pt.

LaTeX Warning: `h' float specifier changed to `ht'.

) [33] [34 <./private key script.png>] [35 <./private key result.png>]
\openout2 = `chapter5.aux'.


(chapter5.tex
Chapter 5.
) [36




]
\openout2 = `danny1.aux'.


No file danny1.tex.
(knustthesis.bbl [37







]) [38] (knustthesis.aux (titlepage.aux) (declaration.aux)
(dedication.aux) (acknowledgement.aux) (abstract.aux) (chapter1.aux)
(chapter2.aux) (chapter3.aux) (chapter4.aux) (chapter5.aux) (danny1.aux)) ) 
Here is how much of TeX's memory you used:
 4434 strings out of 479321
 59509 string characters out of 2873182
 376049 words of memory out of 3000000
 21737 multiletter control sequences out of 15000+600000
 413615 words of font info for 69 fonts, out of 8000000 for 9000
 1141 hyphenation exceptions out of 8191
 83i,9n,88p,1429b,238s stack positions out of 5000i,500n,10000p,200000b,80000s
 <C:
\Users\hp\AppData\Local\MiKTeX\fonts/pk/ljfour/jknappen/ec/dpi600\tcrm1000.pk><
C:/MIKTEX/fonts/type1/public/amsfonts/cm/cmbx10.pfb><C:/MIKTEX/fonts/type1/publ
ic/amsfonts/cm/cmbx12.pfb><C:/MIKTEX/fonts/type1/public/amsfonts/cm/cmex10.pfb>
<C:/MIKTEX/fonts/type1/public/amsfonts/cm/cmmi10.pfb><C:/MIKTEX/fonts/type1/pub
lic/amsfonts/cm/cmmi12.pfb><C:/MIKTEX/fonts/type1/public/amsfonts/cm/cmmi7.pfb>
<C:/MIKTEX/fonts/type1/public/amsfonts/cm/cmr10.pfb><C:/MIKTEX/fonts/type1/publ
ic/amsfonts/cm/cmr5.pfb><C:/MIKTEX/fonts/type1/public/amsfonts/cm/cmr7.pfb><C:/
MIKTEX/fonts/type1/public/amsfonts/cm/cmsy10.pfb><C:/MIKTEX/fonts/type1/public/
amsfonts/cm/cmsy5.pfb><C:/MIKTEX/fonts/type1/public/amsfonts/cm/cmsy7.pfb><C:/M
IKTEX/fonts/type1/public/amsfonts/cm/cmti10.pfb>
Output written on knustthesis.pdf (45 pages, 1033763 bytes).
PDF statistics:
 230 PDF objects out of 1000 (max. 8388607)
 0 named destinations out of 1000 (max. 500000)
 66 words of extra memory for PDF output out of 10000 (max. 10000000)

